<?xml version="1.0" encoding="UTF-8"?>
<testsuite xmlns:xsi="http://www.w3.org/2001/XMLSchema-instance" xsi:noNamespaceSchemaLocation="https://maven.apache.org/surefire/maven-surefire-plugin/xsd/surefire-test-report-3.0.xsd" version="3.0" name="cucumber.Options.TestRunner" time="45.133" tests="2" errors="2" skipped="0" failures="0">
  <properties>
    <property name="sun.desktop" value="windows"/>
    <property name="awt.toolkit" value="sun.awt.windows.WToolkit"/>
    <property name="file.encoding.pkg" value="sun.io"/>
    <property name="java.specification.version" value="1.8"/>
    <property name="sun.cpu.isalist" value="amd64"/>
    <property name="sun.jnu.encoding" value="Cp1252"/>
    <property name="java.class.path" value="C:\Users\sw213646\eclipse-workspace\API_Automation_Framework\target\test-classes;C:\Users\sw213646\eclipse-workspace\API_Automation_Framework\target\classes;C:\Users\sw213646\.m2\repository\junit\junit\4.12\junit-4.12.jar;C:\Users\sw213646\.m2\repository\org\hamcrest\hamcrest-core\1.3\hamcrest-core-1.3.jar;C:\Users\sw213646\.m2\repository\io\cucumber\cucumber-java\4.8.1\cucumber-java-4.8.1.jar;C:\Users\sw213646\.m2\repository\io\cucumber\cucumber-core\4.8.1\cucumber-core-4.8.1.jar;C:\Users\sw213646\.m2\repository\io\cucumber\gherkin\5.1.0\gherkin-5.1.0.jar;C:\Users\sw213646\.m2\repository\io\cucumber\tag-expressions\1.1.1\tag-expressions-1.1.1.jar;C:\Users\sw213646\.m2\repository\io\cucumber\cucumber-expressions\7.0.2\cucumber-expressions-7.0.2.jar;C:\Users\sw213646\.m2\repository\io\cucumber\datatable\1.1.14\datatable-1.1.14.jar;C:\Users\sw213646\.m2\repository\io\cucumber\datatable-dependencies\1.1.14\datatable-dependencies-1.1.14.jar;C:\Users\sw213646\.m2\repository\org\apiguardian\apiguardian-api\1.1.0\apiguardian-api-1.1.0.jar;C:\Users\sw213646\.m2\repository\io\cucumber\cucumber-junit\4.8.1\cucumber-junit-4.8.1.jar;C:\Users\sw213646\.m2\repository\io\rest-assured\rest-assured\4.3.0\rest-assured-4.3.0.jar;C:\Users\sw213646\.m2\repository\org\codehaus\groovy\groovy\3.0.2\groovy-3.0.2.jar;C:\Users\sw213646\.m2\repository\org\codehaus\groovy\groovy-xml\3.0.2\groovy-xml-3.0.2.jar;C:\Users\sw213646\.m2\repository\org\apache\httpcomponents\httpclient\4.5.3\httpclient-4.5.3.jar;C:\Users\sw213646\.m2\repository\org\apache\httpcomponents\httpcore\4.4.6\httpcore-4.4.6.jar;C:\Users\sw213646\.m2\repository\commons-logging\commons-logging\1.2\commons-logging-1.2.jar;C:\Users\sw213646\.m2\repository\commons-codec\commons-codec\1.9\commons-codec-1.9.jar;C:\Users\sw213646\.m2\repository\org\apache\httpcomponents\httpmime\4.5.3\httpmime-4.5.3.jar;C:\Users\sw213646\.m2\repository\org\hamcrest\hamcrest\2.1\hamcrest-2.1.jar;C:\Users\sw213646\.m2\repository\org\ccil\cowan\tagsoup\tagsoup\1.2.1\tagsoup-1.2.1.jar;C:\Users\sw213646\.m2\repository\io\rest-assured\json-path\4.3.0\json-path-4.3.0.jar;C:\Users\sw213646\.m2\repository\org\codehaus\groovy\groovy-json\3.0.2\groovy-json-3.0.2.jar;C:\Users\sw213646\.m2\repository\io\rest-assured\rest-assured-common\4.3.0\rest-assured-common-4.3.0.jar;C:\Users\sw213646\.m2\repository\io\rest-assured\xml-path\4.3.0\xml-path-4.3.0.jar;C:\Users\sw213646\.m2\repository\org\apache\commons\commons-lang3\3.4\commons-lang3-3.4.jar;C:\Users\sw213646\.m2\repository\jakarta\xml\bind\jakarta.xml.bind-api\2.3.2\jakarta.xml.bind-api-2.3.2.jar;C:\Users\sw213646\.m2\repository\jakarta\activation\jakarta.activation-api\1.2.1\jakarta.activation-api-1.2.1.jar;C:\Users\sw213646\.m2\repository\com\sun\xml\bind\jaxb-osgi\2.3.0.1\jaxb-osgi-2.3.0.1.jar;C:\Users\sw213646\.m2\repository\org\apache\sling\org.apache.sling.javax.activation\0.1.0\org.apache.sling.javax.activation-0.1.0.jar;C:\Users\sw213646\.m2\repository\com\fasterxml\jackson\core\jackson-databind\2.11.0\jackson-databind-2.11.0.jar;C:\Users\sw213646\.m2\repository\com\fasterxml\jackson\core\jackson-annotations\2.11.0\jackson-annotations-2.11.0.jar;C:\Users\sw213646\.m2\repository\com\fasterxml\jackson\core\jackson-core\2.11.0\jackson-core-2.11.0.jar;C:\Users\sw213646\.m2\repository\com\aventstack\extentreports-cucumber4-adapter\1.0.12\extentreports-cucumber4-adapter-1.0.12.jar;C:\Users\sw213646\.m2\repository\com\aventstack\extentreports\4.1.5\extentreports-4.1.5.jar;C:\Users\sw213646\.m2\repository\org\freemarker\freemarker\2.3.29\freemarker-2.3.29.jar;C:\Users\sw213646\.m2\repository\com\google\code\gson\gson\2.8.6\gson-2.8.6.jar;C:\Users\sw213646\.m2\repository\org\mongodb\bson\3.12.0\bson-3.12.0.jar;C:\Users\sw213646\.m2\repository\org\mongodb\mongodb-driver\3.3.0\mongodb-driver-3.3.0.jar;C:\Users\sw213646\.m2\repository\org\mongodb\mongodb-driver-core\3.3.0\mongodb-driver-core-3.3.0.jar;C:\Users\sw213646\.m2\repository\javax\mail\javax.mail-api\1.5.5\javax.mail-api-1.5.5.jar;C:\Users\sw213646\.m2\repository\com\sun\mail\javax.mail\1.5.5\javax.mail-1.5.5.jar;C:\Users\sw213646\.m2\repository\javax\activation\activation\1.1\activation-1.1.jar;C:\Users\sw213646\.m2\repository\org\zeroturnaround\zt-zip\1.13\zt-zip-1.13.jar;C:\Users\sw213646\.m2\repository\org\slf4j\slf4j-api\1.7.5\slf4j-api-1.7.5.jar;C:\Users\sw213646\.m2\repository\org\slf4j\slf4j-log4j12\1.7.5\slf4j-log4j12-1.7.5.jar;C:\Users\sw213646\.m2\repository\log4j\log4j\1.2.17\log4j-1.2.17.jar;"/>
    <property name="java.vm.vendor" value="Oracle Corporation"/>
    <property name="sun.arch.data.model" value="64"/>
    <property name="user.variant" value=""/>
    <property name="java.vendor.url" value="http://java.oracle.com/"/>
    <property name="user.timezone" value="Asia/Calcutta"/>
    <property name="java.vm.specification.version" value="1.8"/>
    <property name="os.name" value="Windows 10"/>
    <property name="user.country" value="US"/>
    <property name="sun.java.launcher" value="SUN_STANDARD"/>
    <property name="sun.boot.library.path" value="C:\Program Files\Java\jre1.8.0_261\bin"/>
    <property name="sun.java.command" value="C:\Users\sw213646\AppData\Local\Temp\surefire6187728053525617925\surefirebooter1556733734967461546.jar C:\Users\sw213646\AppData\Local\Temp\surefire6187728053525617925 2021-05-30T16-13-40_388-jvmRun1 surefire7471999361333320955tmp surefire_04630084605404455403tmp"/>
    <property name="surefire.test.class.path" value="C:\Users\sw213646\eclipse-workspace\API_Automation_Framework\target\test-classes;C:\Users\sw213646\eclipse-workspace\API_Automation_Framework\target\classes;C:\Users\sw213646\.m2\repository\junit\junit\4.12\junit-4.12.jar;C:\Users\sw213646\.m2\repository\org\hamcrest\hamcrest-core\1.3\hamcrest-core-1.3.jar;C:\Users\sw213646\.m2\repository\io\cucumber\cucumber-java\4.8.1\cucumber-java-4.8.1.jar;C:\Users\sw213646\.m2\repository\io\cucumber\cucumber-core\4.8.1\cucumber-core-4.8.1.jar;C:\Users\sw213646\.m2\repository\io\cucumber\gherkin\5.1.0\gherkin-5.1.0.jar;C:\Users\sw213646\.m2\repository\io\cucumber\tag-expressions\1.1.1\tag-expressions-1.1.1.jar;C:\Users\sw213646\.m2\repository\io\cucumber\cucumber-expressions\7.0.2\cucumber-expressions-7.0.2.jar;C:\Users\sw213646\.m2\repository\io\cucumber\datatable\1.1.14\datatable-1.1.14.jar;C:\Users\sw213646\.m2\repository\io\cucumber\datatable-dependencies\1.1.14\datatable-dependencies-1.1.14.jar;C:\Users\sw213646\.m2\repository\org\apiguardian\apiguardian-api\1.1.0\apiguardian-api-1.1.0.jar;C:\Users\sw213646\.m2\repository\io\cucumber\cucumber-junit\4.8.1\cucumber-junit-4.8.1.jar;C:\Users\sw213646\.m2\repository\io\rest-assured\rest-assured\4.3.0\rest-assured-4.3.0.jar;C:\Users\sw213646\.m2\repository\org\codehaus\groovy\groovy\3.0.2\groovy-3.0.2.jar;C:\Users\sw213646\.m2\repository\org\codehaus\groovy\groovy-xml\3.0.2\groovy-xml-3.0.2.jar;C:\Users\sw213646\.m2\repository\org\apache\httpcomponents\httpclient\4.5.3\httpclient-4.5.3.jar;C:\Users\sw213646\.m2\repository\org\apache\httpcomponents\httpcore\4.4.6\httpcore-4.4.6.jar;C:\Users\sw213646\.m2\repository\commons-logging\commons-logging\1.2\commons-logging-1.2.jar;C:\Users\sw213646\.m2\repository\commons-codec\commons-codec\1.9\commons-codec-1.9.jar;C:\Users\sw213646\.m2\repository\org\apache\httpcomponents\httpmime\4.5.3\httpmime-4.5.3.jar;C:\Users\sw213646\.m2\repository\org\hamcrest\hamcrest\2.1\hamcrest-2.1.jar;C:\Users\sw213646\.m2\repository\org\ccil\cowan\tagsoup\tagsoup\1.2.1\tagsoup-1.2.1.jar;C:\Users\sw213646\.m2\repository\io\rest-assured\json-path\4.3.0\json-path-4.3.0.jar;C:\Users\sw213646\.m2\repository\org\codehaus\groovy\groovy-json\3.0.2\groovy-json-3.0.2.jar;C:\Users\sw213646\.m2\repository\io\rest-assured\rest-assured-common\4.3.0\rest-assured-common-4.3.0.jar;C:\Users\sw213646\.m2\repository\io\rest-assured\xml-path\4.3.0\xml-path-4.3.0.jar;C:\Users\sw213646\.m2\repository\org\apache\commons\commons-lang3\3.4\commons-lang3-3.4.jar;C:\Users\sw213646\.m2\repository\jakarta\xml\bind\jakarta.xml.bind-api\2.3.2\jakarta.xml.bind-api-2.3.2.jar;C:\Users\sw213646\.m2\repository\jakarta\activation\jakarta.activation-api\1.2.1\jakarta.activation-api-1.2.1.jar;C:\Users\sw213646\.m2\repository\com\sun\xml\bind\jaxb-osgi\2.3.0.1\jaxb-osgi-2.3.0.1.jar;C:\Users\sw213646\.m2\repository\org\apache\sling\org.apache.sling.javax.activation\0.1.0\org.apache.sling.javax.activation-0.1.0.jar;C:\Users\sw213646\.m2\repository\com\fasterxml\jackson\core\jackson-databind\2.11.0\jackson-databind-2.11.0.jar;C:\Users\sw213646\.m2\repository\com\fasterxml\jackson\core\jackson-annotations\2.11.0\jackson-annotations-2.11.0.jar;C:\Users\sw213646\.m2\repository\com\fasterxml\jackson\core\jackson-core\2.11.0\jackson-core-2.11.0.jar;C:\Users\sw213646\.m2\repository\com\aventstack\extentreports-cucumber4-adapter\1.0.12\extentreports-cucumber4-adapter-1.0.12.jar;C:\Users\sw213646\.m2\repository\com\aventstack\extentreports\4.1.5\extentreports-4.1.5.jar;C:\Users\sw213646\.m2\repository\org\freemarker\freemarker\2.3.29\freemarker-2.3.29.jar;C:\Users\sw213646\.m2\repository\com\google\code\gson\gson\2.8.6\gson-2.8.6.jar;C:\Users\sw213646\.m2\repository\org\mongodb\bson\3.12.0\bson-3.12.0.jar;C:\Users\sw213646\.m2\repository\org\mongodb\mongodb-driver\3.3.0\mongodb-driver-3.3.0.jar;C:\Users\sw213646\.m2\repository\org\mongodb\mongodb-driver-core\3.3.0\mongodb-driver-core-3.3.0.jar;C:\Users\sw213646\.m2\repository\javax\mail\javax.mail-api\1.5.5\javax.mail-api-1.5.5.jar;C:\Users\sw213646\.m2\repository\com\sun\mail\javax.mail\1.5.5\javax.mail-1.5.5.jar;C:\Users\sw213646\.m2\repository\javax\activation\activation\1.1\activation-1.1.jar;C:\Users\sw213646\.m2\repository\org\zeroturnaround\zt-zip\1.13\zt-zip-1.13.jar;C:\Users\sw213646\.m2\repository\org\slf4j\slf4j-api\1.7.5\slf4j-api-1.7.5.jar;C:\Users\sw213646\.m2\repository\org\slf4j\slf4j-log4j12\1.7.5\slf4j-log4j12-1.7.5.jar;C:\Users\sw213646\.m2\repository\log4j\log4j\1.2.17\log4j-1.2.17.jar;"/>
    <property name="sun.cpu.endian" value="little"/>
    <property name="user.home" value="C:\Users\sw213646"/>
    <property name="user.language" value="en"/>
    <property name="java.specification.vendor" value="Oracle Corporation"/>
    <property name="java.home" value="C:\Program Files\Java\jre1.8.0_261"/>
    <property name="basedir" value="C:\Users\sw213646\eclipse-workspace\API_Automation_Framework"/>
    <property name="file.separator" value="\"/>
    <property name="line.separator" value="&#10;"/>
    <property name="java.vm.specification.vendor" value="Oracle Corporation"/>
    <property name="java.specification.name" value="Java Platform API Specification"/>
    <property name="java.awt.graphicsenv" value="sun.awt.Win32GraphicsEnvironment"/>
    <property name="surefire.real.class.path" value="C:\Users\sw213646\AppData\Local\Temp\surefire6187728053525617925\surefirebooter1556733734967461546.jar"/>
    <property name="sun.boot.class.path" value="C:\Program Files\Java\jre1.8.0_261\lib\resources.jar;C:\Program Files\Java\jre1.8.0_261\lib\rt.jar;C:\Program Files\Java\jre1.8.0_261\lib\sunrsasign.jar;C:\Program Files\Java\jre1.8.0_261\lib\jsse.jar;C:\Program Files\Java\jre1.8.0_261\lib\jce.jar;C:\Program Files\Java\jre1.8.0_261\lib\charsets.jar;C:\Program Files\Java\jre1.8.0_261\lib\jfr.jar;C:\Program Files\Java\jre1.8.0_261\classes"/>
    <property name="user.script" value=""/>
    <property name="sun.management.compiler" value="HotSpot 64-Bit Tiered Compilers"/>
    <property name="java.runtime.version" value="1.8.0_261-b12"/>
    <property name="user.name" value="sw213646"/>
    <property name="path.separator" value=";"/>
    <property name="os.version" value="10.0"/>
    <property name="java.endorsed.dirs" value="C:\Program Files\Java\jre1.8.0_261\lib\endorsed"/>
    <property name="java.runtime.name" value="Java(TM) SE Runtime Environment"/>
    <property name="file.encoding" value="Cp1252"/>
    <property name="java.vm.name" value="Java HotSpot(TM) 64-Bit Server VM"/>
    <property name="localRepository" value="C:\Users\sw213646\.m2\repository"/>
    <property name="java.vendor.url.bug" value="http://bugreport.sun.com/bugreport/"/>
    <property name="java.io.tmpdir" value="C:\Users\sw213646\AppData\Local\Temp\"/>
    <property name="java.version" value="1.8.0_261"/>
    <property name="user.dir" value="C:\Users\sw213646\eclipse-workspace\API_Automation_Framework"/>
    <property name="os.arch" value="amd64"/>
    <property name="java.vm.specification.name" value="Java Virtual Machine Specification"/>
    <property name="java.awt.printerjob" value="sun.awt.windows.WPrinterJob"/>
    <property name="sun.os.patch.level" value=""/>
    <property name="java.library.path" value="C:\Program Files\Java\jre1.8.0_261\bin;C:\WINDOWS\Sun\Java\bin;C:\WINDOWS\system32;C:\WINDOWS;C:\Program Files (x86)\Common Files\Oracle\Java\javapath;C:\Python27\;C:\Python27\Scripts;C:\ProgramData\Oracle\Java\javapath;C:\WINDOWS\system32;C:\WINDOWS;C:\WINDOWS\System32\Wbem;C:\WINDOWS\System32\WindowsPowerShell\v1.0\;C:\WINDOWS\System32\OpenSSH\;C:\Program Files\nodejs\;C:\ProgramData\chocolatey\bin;&quot;C:\Program Files\nodejs;&quot;;C:\Users\sw213646\AppData\Roaming\npm;C:\Program Files (x86)\Brackets\command;C:\Users\sw213646\AppData\Local\Taurus\bin;C:\Program Files\apache-maven-3.6.3\bin;C:\Users\sw213646\AppData\Local\Microsoft\WindowsApps;C:\Users\sw213646\AppData\Local\Programs\Microsoft VS Code\bin;C:\Users\sw213646\AppData\Local\Programs\Fiddler;C:\Users\sw213646\AppData\Local\Programs\Git\cmd;."/>
    <property name="java.vm.info" value="mixed mode"/>
    <property name="java.vendor" value="Oracle Corporation"/>
    <property name="java.vm.version" value="25.261-b12"/>
    <property name="java.ext.dirs" value="C:\Program Files\Java\jre1.8.0_261\lib\ext;C:\WINDOWS\Sun\Java\lib\ext"/>
    <property name="sun.io.unicode.encoding" value="UnicodeLittle"/>
    <property name="java.class.version" value="52.0"/>
  </properties>
  <testcase name="Verify if user is able to login with loginAPI" classname="Login and User profile info testing of Compucom connect API&apos;s" time="23.241">
    <error message="Connection timed out: connect" type="java.net.ConnectException"><![CDATA[java.net.ConnectException: Connection timed out: connect
]]></error>
    <system-err><![CDATA[May 30, 2021 4:13:41 PM cucumber.runtime.filter.TagExpressionOld isOldTagExpression
WARNING: Found tags option '@smoke,~@regression'. Support for '@tag1,@tag2' will be removed from the next release of Cucumber-JVM. Please use '@tag or @tag2' instead
May 30, 2021 4:13:41 PM cucumber.runtime.filter.TagExpressionOld isOldTagExpression
WARNING: Found tags option '@smoke,~@regression'. Support for '~@tag' will be removed from the next release of Cucumber-JVM. Please use 'not @tag' instead.
log4j:WARN No appenders could be found for logger (org.apache.http.impl.conn.BasicClientConnectionManager).
log4j:WARN Please initialize the log4j system properly.
log4j:WARN See http://logging.apache.org/log4j/1.2/faq.html#noconfig for more info.
]]></system-err>
  </testcase>
  <testcase name="Verify if user is able to logout with logoutAPI" classname="Logout testing of Compucom connect API&apos;s" time="21.04">
    <error message="Connection timed out: connect" type="java.net.ConnectException"><![CDATA[java.net.ConnectException: Connection timed out: connect
]]></error>
  </testcase>
</testsuite>